<?xml version="1.0" encoding="UTF-8"?>
<testsuite name="edoc.AppTest" tests="1" skipped="0" failures="0" errors="0" timestamp="2025-03-16T06:54:58" hostname="RAAHUL" time="0.015">
  <properties/>
  <testcase name="appHasAGreeting()" classname="edoc.AppTest" time="0.015"/>
  <system-out><![CDATA[]]></system-out>
  <system-err><![CDATA[]]></system-err>
</testsuite>
